\BOOKMARK [1][]{section*.1}{Informaci\363n Personal}{}% 1
\BOOKMARK [2][]{section*.2}{Formaci\363n Acad\351mica}{section*.1}% 2
\BOOKMARK [1][]{section*.3}{Descripci\363n Personal}{}% 3
\BOOKMARK [2][]{section*.4}{Aficiones}{section*.3}% 4
\BOOKMARK [2][]{section*.5}{Idiomas}{section*.3}% 5
<<<<<<< HEAD
\BOOKMARK [1][]{section*.6}{Experiencia}{}% 6
\BOOKMARK [2][]{section*.7}{Conocimientos}{section*.6}% 7
\BOOKMARK [2][]{section*.8}{Congresos y Seminarios}{section*.6}% 8
\BOOKMARK [2][]{section*.9}{Pr\341cticas y Ayudant\355as}{section*.6}% 9
\BOOKMARK [1][]{section*.10}{Recomendaciones}{}% 10
=======
\BOOKMARK [2][]{section*.6}{Becas y Otros}{section*.3}% 6
\BOOKMARK [1][]{section*.7}{Experiencia}{}% 7
\BOOKMARK [2][]{section*.8}{Proyectos}{section*.7}% 8
\BOOKMARK [2][]{section*.9}{Conocimientos}{section*.7}% 9
\BOOKMARK [2][]{section*.10}{Congresos y Seminarios}{section*.7}% 10
\BOOKMARK [2][]{section*.11}{Pr\341cticas y Ayudant\355as}{section*.7}% 11
\BOOKMARK [2][]{section*.12}{Otros Estudios}{section*.7}% 12
\BOOKMARK [1][]{section*.13}{Recomendaciones}{}% 13
>>>>>>> 83b7148e94bdc68b235a9700c50dfc626a238bcb
