\BOOKMARK [0][-]{chapter.1}{Introducci\363n.}{}% 1
\BOOKMARK [0][-]{chapter.2}{Soluci\363n Conceptual.}{}% 2
\BOOKMARK [1][-]{section.2.1}{Diagn\363stico de la situaci\363n actual.}{chapter.2}% 3
\BOOKMARK [2][-]{subsection.2.1.1}{Situaci\363n Actual.}{section.2.1}% 4
\BOOKMARK [2][-]{subsection.2.1.2}{Identificaci\363n de problemas y deficiencias.}{section.2.1}% 5
\BOOKMARK [1][-]{section.2.2}{Caracterizaci\363n del cambio.}{chapter.2}% 6
\BOOKMARK [2][-]{subsection.2.2.1}{Caracter\355sticas y potencialidades deseadas.}{section.2.2}% 7
\BOOKMARK [1][-]{section.2.3}{An\341lisis de las alternativas de la soluci\363n.}{chapter.2}% 8
\BOOKMARK [1][-]{section.2.4}{Soluci\363n recomendada.}{chapter.2}% 9
\BOOKMARK [0][-]{chapter.3}{T\351cnicas y herramientas de desarrollo.}{}% 10
\BOOKMARK [1][-]{section.3.1}{Modelo de desarrollo.}{chapter.3}% 11
\BOOKMARK [1][-]{section.3.2}{Herramientas y t\351cnicas de soporte para el desarrollo.}{chapter.3}% 12
\BOOKMARK [1][-]{section.3.3}{Personal y capacitaci\363n del equipo de desarrollo.}{chapter.3}% 13
\BOOKMARK [0][-]{chapter.4}{Gesti\363n de riesgos.}{}% 14
\BOOKMARK [1][-]{section.4.1}{An\341lisis de riesgos.}{chapter.4}% 15
\BOOKMARK [1][-]{section.4.2}{Preparaci\363n para control de riesgos.}{chapter.4}% 16
\BOOKMARK [2][-]{subsection.4.2.1}{Riesgos T\351cnicos}{section.4.2}% 17
\BOOKMARK [2][-]{subsection.4.2.2}{Riesgos de Proyecto}{section.4.2}% 18
\BOOKMARK [2][-]{subsection.4.2.3}{Riesgos de Negocio}{section.4.2}% 19
\BOOKMARK [0][-]{chapter.5}{Implementaci\363n \(entrega y operaci\363n\).}{}% 20
\BOOKMARK [0][-]{chapter.6}{Planificaci\363n de actividades.}{}% 21
\BOOKMARK [0][-]{appendix.Alph1}{Planificaci\363n de Actividades}{}% 22
\BOOKMARK [1][-]{section.Alph1.1}{WBS}{appendix.Alph1}% 23
\BOOKMARK [1][-]{section.Alph1.2}{Carta Gantt}{appendix.Alph1}% 24
