This is pdfTeX, Version 3.1415926-2.4-1.40.13 (TeX Live 2012/Debian) (format=pdflatex 2013.3.16)  5 APR 2013 22:34
entering extended mode
 restricted \write18 enabled.
 %&-line parsing enabled.
**formato2.tex
(./formato2.tex
LaTeX2e <2011/06/27>
Babel <v3.8m> and hyphenation patterns for english, dumylang, nohyphenation, lo
aded.
(/usr/share/texlive/texmf-dist/tex/latex/base/report.cls
Document Class: report 2007/10/19 v1.4h Standard LaTeX document class
(/usr/share/texlive/texmf-dist/tex/latex/base/size12.clo
File: size12.clo 2007/10/19 v1.4h Standard LaTeX file (size option)
)
\c@part=\count79
\c@chapter=\count80
\c@section=\count81
\c@subsection=\count82
\c@subsubsection=\count83
\c@paragraph=\count84
\c@subparagraph=\count85
\c@figure=\count86
\c@table=\count87
\abovecaptionskip=\skip41
\belowcaptionskip=\skip42
\bibindent=\dimen102
)
(/usr/share/texlive/texmf-dist/tex/latex/base/inputenc.sty
Package: inputenc 2008/03/30 v1.1d Input encoding file
\inpenc@prehook=\toks14
\inpenc@posthook=\toks15

(/usr/share/texlive/texmf-dist/tex/latex/base/latin1.def
File: latin1.def 2008/03/30 v1.1d Input encoding file
))
(/usr/share/texlive/texmf-dist/tex/generic/babel/babel.sty
Package: babel 2008/07/08 v3.8m The Babel package

(/usr/share/texlive/texmf-dist/tex/generic/babel/spanish.ldf
Language: spanish.ldf 2011/10/06 v5.0k Spanish support from the babel system

(/usr/share/texlive/texmf-dist/tex/generic/babel/babel.def
File: babel.def 2008/07/08 v3.8m Babel common definitions
\babel@savecnt=\count88
\U@D=\dimen103
)

Package babel Warning: No hyphenation patterns were loaded for
(babel)                the language `Spanish'
(babel)                I will use the patterns loaded for \language=0 instead.

\l@spanish = a dialect from \language0
\es@datefmt=\count89
\es@quottoks=\toks16
\es@quotdepth=\count90
Package babel Info: Making " an active character on input line 496.
Package babel Info: Making . an active character on input line 599.
Package babel Info: Making < an active character on input line 644.
Package babel Info: Making > an active character on input line 644.
)) (/usr/share/texlive/texmf-dist/tex/latex/fancyhdr/fancyhdr.sty
\fancy@headwidth=\skip43
\f@ncyO@elh=\skip44
\f@ncyO@erh=\skip45
\f@ncyO@olh=\skip46
\f@ncyO@orh=\skip47
\f@ncyO@elf=\skip48
\f@ncyO@erf=\skip49
\f@ncyO@olf=\skip50
\f@ncyO@orf=\skip51
)
(/usr/share/texlive/texmf-dist/tex/latex/geometry/geometry.sty
Package: geometry 2010/09/12 v5.6 Page Geometry

(/usr/share/texlive/texmf-dist/tex/latex/graphics/keyval.sty
Package: keyval 1999/03/16 v1.13 key=value parser (DPC)
\KV@toks@=\toks17
)
(/usr/share/texlive/texmf-dist/tex/generic/oberdiek/ifpdf.sty
Package: ifpdf 2011/01/30 v2.3 Provides the ifpdf switch (HO)
Package ifpdf Info: pdfTeX in PDF mode is detected.
)
(/usr/share/texlive/texmf-dist/tex/generic/oberdiek/ifvtex.sty
Package: ifvtex 2010/03/01 v1.5 Detect VTeX and its facilities (HO)
Package ifvtex Info: VTeX not detected.
)
(/usr/share/texlive/texmf-dist/tex/generic/ifxetex/ifxetex.sty
Package: ifxetex 2010/09/12 v0.6 Provides ifxetex conditional
)
\Gm@cnth=\count91
\Gm@cntv=\count92
\c@Gm@tempcnt=\count93
\Gm@bindingoffset=\dimen104
\Gm@wd@mp=\dimen105
\Gm@odd@mp=\dimen106
\Gm@even@mp=\dimen107
\Gm@layoutwidth=\dimen108
\Gm@layoutheight=\dimen109
\Gm@layouthoffset=\dimen110
\Gm@layoutvoffset=\dimen111
\Gm@dimlist=\toks18
)
(/usr/share/texlive/texmf-dist/tex/latex/floatflt/floatflt.sty
Package: floatflt 1997/07/16 v. 1.31
\c@OptionTest=\count94
\figbox=\box26
\tabbox=\box27
\pagebox=\box28
\ffigcount=\count95
\ftabcount=\count96
\fftest=\count97
\hangcount=\count98
\nosuccesstryfig=\count99
\nosuccesstrytab=\count100
\figgutter=\dimen112
\tabgutter=\dimen113
\htdone=\dimen114
\pageht=\dimen115
\startpageht=\dimen116
\tabbredd=\dimen117
\floatfltwidth=\dimen118
\fltitemwidth=\dimen119
\outputpretest=\toks19
)
(/usr/share/texlive/texmf-dist/tex/latex/pdfpages/pdfpages.sty
Package: pdfpages 2012/04/03 v0.4s Insert pages of external PDF documents (AM)

(/usr/share/texlive/texmf-dist/tex/latex/base/ifthen.sty
Package: ifthen 2001/05/26 v1.1c Standard LaTeX ifthen package (DPC)
)
(/usr/share/texlive/texmf-dist/tex/latex/tools/calc.sty
Package: calc 2007/08/22 v4.3 Infix arithmetic (KKT,FJ)
\calc@Acount=\count101
\calc@Bcount=\count102
\calc@Adimen=\dimen120
\calc@Bdimen=\dimen121
\calc@Askip=\skip52
\calc@Bskip=\skip53
LaTeX Info: Redefining \setlength on input line 76.
LaTeX Info: Redefining \addtolength on input line 77.
\calc@Ccount=\count103
\calc@Cskip=\skip54
)
(/usr/share/texlive/texmf-dist/tex/latex/eso-pic/eso-pic.sty
Package: eso-pic 2010/10/06 v2.0c eso-pic (RN)

(/usr/share/texlive/texmf-dist/tex/generic/oberdiek/atbegshi.sty
Package: atbegshi 2011/10/05 v1.16 At begin shipout hook (HO)

(/usr/share/texlive/texmf-dist/tex/generic/oberdiek/infwarerr.sty
Package: infwarerr 2010/04/08 v1.3 Providing info/warning/error messages (HO)
)
(/usr/share/texlive/texmf-dist/tex/generic/oberdiek/ltxcmds.sty
Package: ltxcmds 2011/11/09 v1.22 LaTeX kernel commands for general use (HO)
))
(/usr/share/texmf/tex/latex/xcolor/xcolor.sty
Package: xcolor 2007/01/21 v2.11 LaTeX color extensions (UK)

(/usr/share/texlive/texmf-dist/tex/latex/latexconfig/color.cfg
File: color.cfg 2007/01/18 v1.5 color configuration of teTeX/TeXLive
)
Package xcolor Info: Driver file: pdftex.def on input line 225.

(/usr/share/texlive/texmf-dist/tex/latex/pdftex-def/pdftex.def
File: pdftex.def 2011/05/27 v0.06d Graphics/color for pdfTeX
\Gread@gobject=\count104
)
Package xcolor Info: Model `cmy' substituted by `cmy0' on input line 1337.
Package xcolor Info: Model `hsb' substituted by `rgb' on input line 1341.
Package xcolor Info: Model `RGB' extended on input line 1353.
Package xcolor Info: Model `HTML' substituted by `rgb' on input line 1355.
Package xcolor Info: Model `Hsb' substituted by `hsb' on input line 1356.
Package xcolor Info: Model `tHsb' substituted by `hsb' on input line 1357.
Package xcolor Info: Model `HSB' substituted by `hsb' on input line 1358.
Package xcolor Info: Model `Gray' substituted by `gray' on input line 1359.
Package xcolor Info: Model `wave' substituted by `hsb' on input line 1360.
))
(/usr/share/texlive/texmf-dist/tex/latex/graphics/graphicx.sty
Package: graphicx 1999/02/16 v1.0f Enhanced LaTeX Graphics (DPC,SPQR)

(/usr/share/texlive/texmf-dist/tex/latex/graphics/graphics.sty
Package: graphics 2009/02/05 v1.0o Standard LaTeX Graphics (DPC,SPQR)

(/usr/share/texlive/texmf-dist/tex/latex/graphics/trig.sty
Package: trig 1999/03/16 v1.09 sin cos tan (DPC)
)
(/usr/share/texlive/texmf-dist/tex/latex/latexconfig/graphics.cfg
File: graphics.cfg 2010/04/23 v1.9 graphics configuration of TeX Live
)
Package graphics Info: Driver file: pdftex.def on input line 91.
)
\Gin@req@height=\dimen122
\Gin@req@width=\dimen123
)
(/usr/share/texlive/texmf-dist/tex/latex/pdfpages/pppdftex.def
File: pppdftex.def 2012/04/03 v0.4s Pdfpages driver for pdfTeX (AM)
)
\AM@pagebox=\box29
\AM@toc@title=\toks20
\c@AM@survey=\count105
\AM@templatesizebox=\box30
)
(/usr/share/texlive/texmf-dist/tex/latex/hyperref/hyperref.sty
Package: hyperref 2012/05/13 v6.82q Hypertext links for LaTeX

(/usr/share/texlive/texmf-dist/tex/generic/oberdiek/hobsub-hyperref.sty
Package: hobsub-hyperref 2012/05/28 v1.13 Bundle oberdiek, subset hyperref (HO)


(/usr/share/texlive/texmf-dist/tex/generic/oberdiek/hobsub-generic.sty
Package: hobsub-generic 2012/05/28 v1.13 Bundle oberdiek, subset generic (HO)
Package: hobsub 2012/05/28 v1.13 Construct package bundles (HO)
Package hobsub Info: Skipping package `infwarerr' (already loaded).
Package hobsub Info: Skipping package `ltxcmds' (already loaded).
Package: ifluatex 2010/03/01 v1.3 Provides the ifluatex switch (HO)
Package ifluatex Info: LuaTeX not detected.
Package hobsub Info: Skipping package `ifvtex' (already loaded).
Package: intcalc 2007/09/27 v1.1 Expandable calculations with integers (HO)
Package hobsub Info: Skipping package `ifpdf' (already loaded).
Package: etexcmds 2011/02/16 v1.5 Avoid name clashes with e-TeX commands (HO)
Package etexcmds Info: Could not find \expanded.
(etexcmds)             That can mean that you are not using pdfTeX 1.50 or
(etexcmds)             that some package has redefined \expanded.
(etexcmds)             In the latter case, load this package earlier.
Package: kvsetkeys 2012/04/25 v1.16 Key value parser (HO)
Package: kvdefinekeys 2011/04/07 v1.3 Define keys (HO)
Package: pdftexcmds 2011/11/29 v0.20 Utility functions of pdfTeX for LuaTeX (HO
)
Package pdftexcmds Info: LuaTeX not detected.
Package pdftexcmds Info: \pdf@primitive is available.
Package pdftexcmds Info: \pdf@ifprimitive is available.
Package pdftexcmds Info: \pdfdraftmode found.
Package: pdfescape 2011/11/25 v1.13 Implements pdfTeX's escape features (HO)
Package: bigintcalc 2012/04/08 v1.3 Expandable calculations on big integers (HO
)
Package: bitset 2011/01/30 v1.1 Handle bit-vector datatype (HO)
Package: uniquecounter 2011/01/30 v1.2 Provide unlimited unique counter (HO)
)
Package hobsub Info: Skipping package `hobsub' (already loaded).
Package: letltxmacro 2010/09/02 v1.4 Let assignment for LaTeX macros (HO)
Package: hopatch 2012/05/28 v1.2 Wrapper for package hooks (HO)
Package: xcolor-patch 2011/01/30 xcolor patch
Package: atveryend 2011/06/30 v1.8 Hooks at the very end of document (HO)
Package atveryend Info: \enddocument detected (standard20110627).
Package hobsub Info: Skipping package `atbegshi' (already loaded).
Package: refcount 2011/10/16 v3.4 Data extraction from label references (HO)
Package: hycolor 2011/01/30 v1.7 Color options for hyperref/bookmark (HO)
)
(/usr/share/texlive/texmf-dist/tex/latex/oberdiek/kvoptions.sty
Package: kvoptions 2011/06/30 v3.11 Key value format for package options (HO)
)
\@linkdim=\dimen124
\Hy@linkcounter=\count106
\Hy@pagecounter=\count107

(/usr/share/texlive/texmf-dist/tex/latex/hyperref/pd1enc.def
File: pd1enc.def 2012/05/13 v6.82q Hyperref: PDFDocEncoding definition (HO)
)
\Hy@SavedSpaceFactor=\count108

(/usr/share/texlive/texmf-dist/tex/latex/latexconfig/hyperref.cfg
File: hyperref.cfg 2002/06/06 v1.2 hyperref configuration of TeXLive
)
Package hyperref Info: Hyper figures OFF on input line 4062.
Package hyperref Info: Link nesting OFF on input line 4067.
Package hyperref Info: Hyper index ON on input line 4070.
Package hyperref Info: Plain pages OFF on input line 4077.
Package hyperref Info: Backreferencing OFF on input line 4082.
Package hyperref Info: Implicit mode ON; LaTeX internals redefined.
Package hyperref Info: Bookmarks ON on input line 4300.
\c@Hy@tempcnt=\count109

(/usr/share/texlive/texmf-dist/tex/latex/url/url.sty
\Urlmuskip=\muskip10
Package: url 2006/04/12  ver 3.3  Verb mode for urls, etc.
)
LaTeX Info: Redefining \url on input line 4653.
\Fld@menulength=\count110
\Field@Width=\dimen125
\Fld@charsize=\dimen126
Package hyperref Info: Hyper figures OFF on input line 5773.
Package hyperref Info: Link nesting OFF on input line 5778.
Package hyperref Info: Hyper index ON on input line 5781.
Package hyperref Info: backreferencing OFF on input line 5788.
Package hyperref Info: Link coloring OFF on input line 5793.
Package hyperref Info: Link coloring with OCG OFF on input line 5798.
Package hyperref Info: PDF/A mode OFF on input line 5803.
LaTeX Info: Redefining \ref on input line 5843.
LaTeX Info: Redefining \pageref on input line 5847.
\Hy@abspage=\count111
\c@Item=\count112
\c@Hfootnote=\count113
)

Package hyperref Message: Driver (autodetected): hpdftex.

(/usr/share/texlive/texmf-dist/tex/latex/hyperref/hpdftex.def
File: hpdftex.def 2012/05/13 v6.82q Hyperref driver for pdfTeX
\Fld@listcount=\count114
\c@bookmark@seq@number=\count115

(/usr/share/texlive/texmf-dist/tex/latex/oberdiek/rerunfilecheck.sty
Package: rerunfilecheck 2011/04/15 v1.7 Rerun checks for auxiliary files (HO)
Package uniquecounter Info: New unique counter `rerunfilecheck' on input line 2
82.
)
\Hy@SectionHShift=\skip55
)
Package hyperref Info: Option `colorlinks' set `true' on input line 12.

(/usr/share/texlive/texmf-dist/tex/latex/multirow/multirow.sty
\bigstrutjot=\dimen127
)
(/usr/share/texlive/texmf-dist/tex/latex/amsmath/amsmath.sty
Package: amsmath 2000/07/18 v2.13 AMS math features
\@mathmargin=\skip56

For additional information on amsmath, use the `?' option.
(/usr/share/texlive/texmf-dist/tex/latex/amsmath/amstext.sty
Package: amstext 2000/06/29 v2.01

(/usr/share/texlive/texmf-dist/tex/latex/amsmath/amsgen.sty
File: amsgen.sty 1999/11/30 v2.0
\@emptytoks=\toks21
\ex@=\dimen128
))
(/usr/share/texlive/texmf-dist/tex/latex/amsmath/amsbsy.sty
Package: amsbsy 1999/11/29 v1.2d
\pmbraise@=\dimen129
)
(/usr/share/texlive/texmf-dist/tex/latex/amsmath/amsopn.sty
Package: amsopn 1999/12/14 v2.01 operator names
)
\inf@bad=\count116
LaTeX Info: Redefining \frac on input line 211.
\uproot@=\count117
\leftroot@=\count118
LaTeX Info: Redefining \overline on input line 307.
\classnum@=\count119
\DOTSCASE@=\count120
LaTeX Info: Redefining \ldots on input line 379.
LaTeX Info: Redefining \dots on input line 382.
LaTeX Info: Redefining \cdots on input line 467.
\Mathstrutbox@=\box31
\strutbox@=\box32
\big@size=\dimen130
LaTeX Font Info:    Redeclaring font encoding OML on input line 567.
LaTeX Font Info:    Redeclaring font encoding OMS on input line 568.
\macc@depth=\count121
\c@MaxMatrixCols=\count122
\dotsspace@=\muskip11
\c@parentequation=\count123
\dspbrk@lvl=\count124
\tag@help=\toks22
\row@=\count125
\column@=\count126
\maxfields@=\count127
\andhelp@=\toks23
\eqnshift@=\dimen131
\alignsep@=\dimen132
\tagshift@=\dimen133
\tagwidth@=\dimen134
\totwidth@=\dimen135
\lineht@=\dimen136
\@envbody=\toks24
\multlinegap=\skip57
\multlinetaggap=\skip58
\mathdisplay@stack=\toks25
LaTeX Info: Redefining \[ on input line 2666.
LaTeX Info: Redefining \] on input line 2667.
)
(/usr/share/texlive/texmf-dist/tex/latex/subfigure/subfigure.sty
Package: subfigure 2002/03/15 v2.1.5 subfigure package
\subfigtopskip=\skip59
\subfigcapskip=\skip60
\subfigcaptopadj=\dimen137
\subfigbottomskip=\skip61
\subfigcapmargin=\dimen138
\subfiglabelskip=\skip62
\c@subfigure=\count128
\c@lofdepth=\count129
\c@subtable=\count130
\c@lotdepth=\count131

****************************************
* Local config file subfigure.cfg used *
****************************************
(/usr/share/texlive/texmf-dist/tex/latex/subfigure/subfigure.cfg)
\subfig@top=\skip63
\subfig@bottom=\skip64
)
(./formato2.aux
LaTeX Info: Redefining \. on input line 21.
LaTeX Info: Redefining \% on input line 21.
)
\openout1 = `formato2.aux'.

LaTeX Font Info:    Checking defaults for OML/cmm/m/it on input line 42.
LaTeX Font Info:    ... okay on input line 42.
LaTeX Font Info:    Checking defaults for T1/cmr/m/n on input line 42.
LaTeX Font Info:    ... okay on input line 42.
LaTeX Font Info:    Checking defaults for OT1/cmr/m/n on input line 42.
LaTeX Font Info:    ... okay on input line 42.
LaTeX Font Info:    Checking defaults for OMS/cmsy/m/n on input line 42.
LaTeX Font Info:    ... okay on input line 42.
LaTeX Font Info:    Checking defaults for OMX/cmex/m/n on input line 42.
LaTeX Font Info:    ... okay on input line 42.
LaTeX Font Info:    Checking defaults for U/cmr/m/n on input line 42.
LaTeX Font Info:    ... okay on input line 42.
LaTeX Font Info:    Checking defaults for PD1/pdf/m/n on input line 42.
LaTeX Font Info:    ... okay on input line 42.
LaTeX Info: Redefining \. on input line 42.
LaTeX Info: Redefining \% on input line 42.

*geometry* driver: auto-detecting
*geometry* detected driver: pdftex
*geometry* verbose mode - [ preamble ] result:
* driver: pdftex
* paper: letterpaper
* layout: <same size as paper>
* layoutoffset:(h,v)=(0.0pt,0.0pt)
* modes: 
* h-part:(L,W,R)=(71.13188pt, 486.25761pt, 56.9055pt)
* v-part:(T,H,B)=(99.58464pt, 624.25346pt, 71.13188pt)
* \paperwidth=614.295pt
* \paperheight=794.96999pt
* \textwidth=486.25761pt
* \textheight=624.25346pt
* \oddsidemargin=-1.1381pt
* \evensidemargin=-1.1381pt
* \topmargin=-9.68535pt
* \headheight=12.0pt
* \headsep=25.0pt
* \topskip=12.0pt
* \footskip=30.0pt
* \marginparwidth=44.0pt
* \marginparsep=10.0pt
* \columnsep=10.0pt
* \skip\footins=10.8pt plus 4.0pt minus 2.0pt
* \hoffset=0.0pt
* \voffset=0.0pt
* \mag=1000
* \@twocolumnfalse
* \@twosidefalse
* \@mparswitchfalse
* \@reversemarginfalse
* (1in=72.27pt=25.4mm, 1cm=28.453pt)

\AtBeginShipoutBox=\box33
(/usr/share/texlive/texmf-dist/tex/context/base/supp-pdf.mkii
[Loading MPS to PDF converter (version 2006.09.02).]
\scratchcounter=\count132
\scratchdimen=\dimen139
\scratchbox=\box34
\nofMPsegments=\count133
\nofMParguments=\count134
\everyMPshowfont=\toks26
\MPscratchCnt=\count135
\MPscratchDim=\dimen140
\MPnumerator=\count136
\makeMPintoPDFobject=\count137
\everyMPtoPDFconversion=\toks27
) (/usr/share/texlive/texmf-dist/tex/latex/oberdiek/epstopdf-base.sty
Package: epstopdf-base 2010/02/09 v2.5 Base part for package epstopdf

(/usr/share/texlive/texmf-dist/tex/latex/oberdiek/grfext.sty
Package: grfext 2010/08/19 v1.1 Manage graphics extensions (HO)
)
Package grfext Info: Graphics extension search list:
(grfext)             [.png,.pdf,.jpg,.mps,.jpeg,.jbig2,.jb2,.PNG,.PDF,.JPG,.JPE
G,.JBIG2,.JB2,.eps]
(grfext)             \AppendGraphicsExtensions on input line 452.

(/usr/share/texlive/texmf-dist/tex/latex/latexconfig/epstopdf-sys.cfg
File: epstopdf-sys.cfg 2010/07/13 v1.3 Configuration of (r)epstopdf for TeX Liv
e
))
Package hyperref Info: Link coloring ON on input line 42.

(/usr/share/texlive/texmf-dist/tex/latex/hyperref/nameref.sty
Package: nameref 2010/04/30 v2.40 Cross-referencing by name of section

(/usr/share/texlive/texmf-dist/tex/generic/oberdiek/gettitlestring.sty
Package: gettitlestring 2010/12/03 v1.4 Cleanup title references (HO)
)
\c@section@level=\count138
)
LaTeX Info: Redefining \ref on input line 42.
LaTeX Info: Redefining \pageref on input line 42.
LaTeX Info: Redefining \nameref on input line 42.

(./formato2.out) (./formato2.out)
\@outlinefile=\write3
\openout3 = `formato2.out'.

Package epstopdf Info: Source file: <./pic/logoUSM-DI.eps>
(epstopdf)                    date: 2013-04-04 18:40:25
(epstopdf)                    size: 196681 bytes
(epstopdf)             Output file: <./pic/logoUSM-DI-eps-converted-to.pdf>
(epstopdf)                    date: 2013-04-04 18:43:01
(epstopdf)                    size: 47161 bytes
(epstopdf)             Command: <repstopdf --outfile=./pic/logoUSM-DI-eps-conve
rted-to.pdf ./pic/logoUSM-DI.eps>
(epstopdf)             \includegraphics on input line 47.
Package epstopdf Info: Output file is already uptodate.

<./pic/logoUSM-DI-eps-converted-to.pdf, id=16, 1168.365pt x 173.64874pt>
File: ./pic/logoUSM-DI-eps-converted-to.pdf Graphic file (type pdf)

<use ./pic/logoUSM-DI-eps-converted-to.pdf>
Package pdftex.def Info: ./pic/logoUSM-DI-eps-converted-to.pdf used on input li
ne 47.
(pdftex.def)             Requested size: 292.09053pt x 43.41208pt.

Overfull \hbox (12.34618pt too wide) in paragraph at lines 63--69
[][] 
 []


Overfull \hbox (28.19377pt too wide) in paragraph at lines 76--84
[][] 
 []

[1

{/var/lib/texmf/fonts/map/pdftex/updmap/pdftex.map} <./pic/logoUSM-DI-eps-conve
rted-to.pdf>] (./formato2.toc
LaTeX Info: Redefining \. on input line 1.
LaTeX Info: Redefining \% on input line 1.
)
\tf@toc=\write4
\openout4 = `formato2.toc'.

pdfTeX warning (ext4): destination with the same identifier (name{page.1}) has 
been already used, duplicate ignored
<to be read again> 
                   \relax 
l.94 \newpage
              [1

] [2

]
LaTeX Info: Redefining \. on input line 100.
LaTeX Info: Redefining \% on input line 100.


Package Fancyhdr Warning: \headheight is too small (12.0pt): 
 Make it at least 14.49998pt.
 We now make it that large for the rest of the document.
 This may cause the page layout to be inconsistent, however.

[3]
Underfull \hbox (badness 10000) in paragraph at lines 102--103

 []


Underfull \hbox (badness 10000) in paragraph at lines 104--105

 []


Underfull \hbox (badness 10000) in paragraph at lines 106--107

 []


Underfull \hbox (badness 10000) in paragraph at lines 108--109

 []

LaTeX Info: Redefining \. on input line 109.
LaTeX Info: Redefining \% on input line 109.

Package Fancyhdr Warning: \headheight is too small (12.0pt): 
 Make it at least 14.49998pt.
 We now make it that large for the rest of the document.
 This may cause the page layout to be inconsistent, however.

[4]
LaTeX Info: Redefining \. on input line 112.
LaTeX Info: Redefining \% on input line 112.


Package Fancyhdr Warning: \headheight is too small (12.0pt): 
 Make it at least 14.49998pt.
 We now make it that large for the rest of the document.
 This may cause the page layout to be inconsistent, however.

[5] [6

]
<../Presentacion/diapo-1x1.pdf, id=62, page=1, 364.19562pt x 273.14648pt>
File: ../Presentacion/diapo-1x1.pdf Graphic file (type pdf)

<use ../Presentacion/diapo-1x1.pdf, page 1>
Package pdftex.def Info: ../Presentacion/diapo-1x1.pdf, page1 used on input lin
e 114.
(pdftex.def)             Requested size: 364.19473pt x 273.14581pt.
File: ../Presentacion/diapo-1x1.pdf Graphic file (type pdf)

<use ../Presentacion/diapo-1x1.pdf, page 1>
Package pdftex.def Info: ../Presentacion/diapo-1x1.pdf, page1 used on input lin
e 114.
(pdftex.def)             Requested size: 309.56773pt x 232.1756pt.
File: ../Presentacion/diapo-1x1.pdf Graphic file (type pdf)

<use ../Presentacion/diapo-1x1.pdf, page 1>
Package pdftex.def Info: ../Presentacion/diapo-1x1.pdf, page1 used on input lin
e 114.
(pdftex.def)             Requested size: 309.56773pt x 232.1756pt.
File: ../Presentacion/diapo-1x1.pdf Graphic file (type pdf)

<use ../Presentacion/diapo-1x1.pdf, page 1>
Package pdftex.def Info: ../Presentacion/diapo-1x1.pdf, page1 used on input lin
e 114.
(pdftex.def)             Requested size: 309.56773pt x 232.1756pt.

<../Presentacion/diapo-1x1.pdf, id=63, page=2, 364.19562pt x 273.14648pt>
File: ../Presentacion/diapo-1x1.pdf Graphic file (type pdf)

<use ../Presentacion/diapo-1x1.pdf, page 2>
Package pdftex.def Info: ../Presentacion/diapo-1x1.pdf, page2 used on input lin
e 114.
(pdftex.def)             Requested size: 309.56773pt x 232.1756pt.
File: ../Presentacion/diapo-1x1.pdf Graphic file (type pdf)

<use ../Presentacion/diapo-1x1.pdf, page 2>
Package pdftex.def Info: ../Presentacion/diapo-1x1.pdf, page2 used on input lin
e 114.
(pdftex.def)             Requested size: 309.56773pt x 232.1756pt.

<../Presentacion/diapo-1x1.pdf, id=64, page=3, 364.19562pt x 273.14648pt>
File: ../Presentacion/diapo-1x1.pdf Graphic file (type pdf)

<use ../Presentacion/diapo-1x1.pdf, page 3>
Package pdftex.def Info: ../Presentacion/diapo-1x1.pdf, page3 used on input lin
e 114.
(pdftex.def)             Requested size: 309.56773pt x 232.1756pt.
File: ../Presentacion/diapo-1x1.pdf Graphic file (type pdf)

<use ../Presentacion/diapo-1x1.pdf, page 3>
Package pdftex.def Info: ../Presentacion/diapo-1x1.pdf, page3 used on input lin
e 114.
(pdftex.def)             Requested size: 309.56773pt x 232.1756pt.

<../Presentacion/diapo-1x1.pdf, id=65, page=4, 364.19562pt x 273.14648pt>
File: ../Presentacion/diapo-1x1.pdf Graphic file (type pdf)

<use ../Presentacion/diapo-1x1.pdf, page 4>
Package pdftex.def Info: ../Presentacion/diapo-1x1.pdf, page4 used on input lin
e 114.
(pdftex.def)             Requested size: 309.56773pt x 232.1756pt.
File: ../Presentacion/diapo-1x1.pdf Graphic file (type pdf)

<use ../Presentacion/diapo-1x1.pdf, page 4>
Package pdftex.def Info: ../Presentacion/diapo-1x1.pdf, page4 used on input lin
e 114.
(pdftex.def)             Requested size: 309.56773pt x 232.1756pt.

<../Presentacion/diapo-1x1.pdf, id=66, page=5, 364.19562pt x 273.14648pt>
File: ../Presentacion/diapo-1x1.pdf Graphic file (type pdf)

<use ../Presentacion/diapo-1x1.pdf, page 5>
Package pdftex.def Info: ../Presentacion/diapo-1x1.pdf, page5 used on input lin
e 114.
(pdftex.def)             Requested size: 309.56773pt x 232.1756pt.
File: ../Presentacion/diapo-1x1.pdf Graphic file (type pdf)

<use ../Presentacion/diapo-1x1.pdf, page 5>
Package pdftex.def Info: ../Presentacion/diapo-1x1.pdf, page5 used on input lin
e 114.
(pdftex.def)             Requested size: 309.56773pt x 232.1756pt.

<../Presentacion/diapo-1x1.pdf, id=67, page=6, 364.19562pt x 273.14648pt>
File: ../Presentacion/diapo-1x1.pdf Graphic file (type pdf)

<use ../Presentacion/diapo-1x1.pdf, page 6>
Package pdftex.def Info: ../Presentacion/diapo-1x1.pdf, page6 used on input lin
e 114.
(pdftex.def)             Requested size: 309.56773pt x 232.1756pt.
File: ../Presentacion/diapo-1x1.pdf Graphic file (type pdf)

<use ../Presentacion/diapo-1x1.pdf, page 6>
Package pdftex.def Info: ../Presentacion/diapo-1x1.pdf, page6 used on input lin
e 114.
(pdftex.def)             Requested size: 309.56773pt x 232.1756pt.
File: ../Presentacion/diapo-1x1.pdf Graphic file (type pdf)

<use ../Presentacion/diapo-1x1.pdf, page 1>
Package pdftex.def Info: ../Presentacion/diapo-1x1.pdf, page1 used on input lin
e 114.
(pdftex.def)             Requested size: 309.56773pt x 232.1756pt.
File: ../Presentacion/diapo-1x1.pdf Graphic file (type pdf)

<use ../Presentacion/diapo-1x1.pdf, page 2>
Package pdftex.def Info: ../Presentacion/diapo-1x1.pdf, page2 used on input lin
e 114.
(pdftex.def)             Requested size: 309.56773pt x 232.1756pt.
File: ../Presentacion/diapo-1x1.pdf Graphic file (type pdf)

<use ../Presentacion/diapo-1x1.pdf, page 3>
Package pdftex.def Info: ../Presentacion/diapo-1x1.pdf, page3 used on input lin
e 114.
(pdftex.def)             Requested size: 309.56773pt x 232.1756pt.
File: ../Presentacion/diapo-1x1.pdf Graphic file (type pdf)

<use ../Presentacion/diapo-1x1.pdf, page 4>
Package pdftex.def Info: ../Presentacion/diapo-1x1.pdf, page4 used on input lin
e 114.
(pdftex.def)             Requested size: 309.56773pt x 232.1756pt.
File: ../Presentacion/diapo-1x1.pdf Graphic file (type pdf)

<use ../Presentacion/diapo-1x1.pdf, page 5>
Package pdftex.def Info: ../Presentacion/diapo-1x1.pdf, page5 used on input lin
e 114.
(pdftex.def)             Requested size: 309.56773pt x 232.1756pt.
File: ../Presentacion/diapo-1x1.pdf Graphic file (type pdf)

<use ../Presentacion/diapo-1x1.pdf, page 6>
Package pdftex.def Info: ../Presentacion/diapo-1x1.pdf, page6 used on input lin
e 114.
(pdftex.def)             Requested size: 309.56773pt x 232.1756pt.
 [7 <../Presentacion/diapo-1x1.pdf> <../Presentacion/diapo-1x1.pdf> <../Present
acion/diapo-1x1.pdf> <../Presentacion/diapo-1x1.pdf> <../Presentacion/diapo-1x1
.pdf> <../Presentacion/diapo-1x1.pdf>] [8

] <../CV/cv-igo.pdf, id=298, page=1, 614.295pt x 794.97pt>
File: ../CV/cv-igo.pdf Graphic file (type pdf)

<use ../CV/cv-igo.pdf, page 1>
Package pdftex.def Info: ../CV/cv-igo.pdf, page1 used on input line 117.
(pdftex.def)             Requested size: 614.29349pt x 794.96806pt.
File: ../CV/cv-igo.pdf Graphic file (type pdf)
 <use ../CV/cv-igo.pdf, page 1>
Package pdftex.def Info: ../CV/cv-igo.pdf, page1 used on input line 117.
(pdftex.def)             Requested size: 614.58406pt x 795.3441pt.
File: ../CV/cv-igo.pdf Graphic file (type pdf)

<use ../CV/cv-igo.pdf, page 1>
Package pdftex.def Info: ../CV/cv-igo.pdf, page1 used on input line 117.
(pdftex.def)             Requested size: 614.58406pt x 795.3441pt.
File: ../CV/cv-igo.pdf Graphic file (type pdf)
 <use ../CV/cv-igo.pdf, page 1>
Package pdftex.def Info: ../CV/cv-igo.pdf, page1 used on input line 117.
(pdftex.def)             Requested size: 614.58406pt x 795.3441pt.
File: ../CV/cv-igo.pdf Graphic file (type pdf)

<use ../CV/cv-igo.pdf, page 1>
Package pdftex.def Info: ../CV/cv-igo.pdf, page1 used on input line 117.
(pdftex.def)             Requested size: 614.58406pt x 795.3441pt.
 [9 <../CV/cv-igo.pdf>]
<../CV/cv-celeste.pdf, id=358, page=1, 614.295pt x 794.97pt>
File: ../CV/cv-celeste.pdf Graphic file (type pdf)

<use ../CV/cv-celeste.pdf, page 1>
Package pdftex.def Info: ../CV/cv-celeste.pdf, page1 used on input line 118.
(pdftex.def)             Requested size: 614.29349pt x 794.96806pt.
File: ../CV/cv-celeste.pdf Graphic file (type pdf)
 <use ../CV/cv-celeste.pdf, page 1>
Package pdftex.def Info: ../CV/cv-celeste.pdf, page1 used on input line 118.
(pdftex.def)             Requested size: 614.58406pt x 795.3441pt.
File: ../CV/cv-celeste.pdf Graphic file (type pdf)

<use ../CV/cv-celeste.pdf, page 1>
Package pdftex.def Info: ../CV/cv-celeste.pdf, page1 used on input line 118.
(pdftex.def)             Requested size: 614.58406pt x 795.3441pt.
File: ../CV/cv-celeste.pdf Graphic file (type pdf)
 <use ../CV/cv-celeste.pdf, page 1>
Package pdftex.def Info: ../CV/cv-celeste.pdf, page1 used on input line 118.
(pdftex.def)             Requested size: 614.58406pt x 795.3441pt.
File: ../CV/cv-celeste.pdf Graphic file (type pdf)

<use ../CV/cv-celeste.pdf, page 1>
Package pdftex.def Info: ../CV/cv-celeste.pdf, page1 used on input line 118.
(pdftex.def)             Requested size: 614.58406pt x 795.3441pt.
 [10 <../CV/cv-celeste.pdf>]
<../CV/cv-pato.pdf, id=397, page=1, 614.295pt x 794.97pt>
File: ../CV/cv-pato.pdf Graphic file (type pdf)

<use ../CV/cv-pato.pdf, page 1>
Package pdftex.def Info: ../CV/cv-pato.pdf, page1 used on input line 119.
(pdftex.def)             Requested size: 614.29349pt x 794.96806pt.
File: ../CV/cv-pato.pdf Graphic file (type pdf)
 <use ../CV/cv-pato.pdf, page 1>
Package pdftex.def Info: ../CV/cv-pato.pdf, page1 used on input line 119.
(pdftex.def)             Requested size: 614.58406pt x 795.3441pt.
File: ../CV/cv-pato.pdf Graphic file (type pdf)

<use ../CV/cv-pato.pdf, page 1>
Package pdftex.def Info: ../CV/cv-pato.pdf, page1 used on input line 119.
(pdftex.def)             Requested size: 614.58406pt x 795.3441pt.
File: ../CV/cv-pato.pdf Graphic file (type pdf)
 <use ../CV/cv-pato.pdf, page 1>
Package pdftex.def Info: ../CV/cv-pato.pdf, page1 used on input line 119.
(pdftex.def)             Requested size: 614.58406pt x 795.3441pt.
File: ../CV/cv-pato.pdf Graphic file (type pdf)

<use ../CV/cv-pato.pdf, page 1>
Package pdftex.def Info: ../CV/cv-pato.pdf, page1 used on input line 119.
(pdftex.def)             Requested size: 614.58406pt x 795.3441pt.
 [11 <../CV/cv-pato.pdf>]
<../CV/cv-neko.pdf, id=435, page=1, 614.295pt x 794.97pt>
File: ../CV/cv-neko.pdf Graphic file (type pdf)

<use ../CV/cv-neko.pdf, page 1>
Package pdftex.def Info: ../CV/cv-neko.pdf, page1 used on input line 120.
(pdftex.def)             Requested size: 614.29349pt x 794.96806pt.
File: ../CV/cv-neko.pdf Graphic file (type pdf)
 <use ../CV/cv-neko.pdf, page 1>
Package pdftex.def Info: ../CV/cv-neko.pdf, page1 used on input line 120.
(pdftex.def)             Requested size: 614.58406pt x 795.3441pt.
File: ../CV/cv-neko.pdf Graphic file (type pdf)

<use ../CV/cv-neko.pdf, page 1>
Package pdftex.def Info: ../CV/cv-neko.pdf, page1 used on input line 120.
(pdftex.def)             Requested size: 614.58406pt x 795.3441pt.
File: ../CV/cv-neko.pdf Graphic file (type pdf)
 <use ../CV/cv-neko.pdf, page 1>
Package pdftex.def Info: ../CV/cv-neko.pdf, page1 used on input line 120.
(pdftex.def)             Requested size: 614.58406pt x 795.3441pt.
File: ../CV/cv-neko.pdf Graphic file (type pdf)

<use ../CV/cv-neko.pdf, page 1>
Package pdftex.def Info: ../CV/cv-neko.pdf, page1 used on input line 120.
(pdftex.def)             Requested size: 614.58406pt x 795.3441pt.
 [12 <../CV/cv-neko.pdf>]
Package atveryend Info: Empty hook `BeforeClearDocument' on input line 125.
 [13

]
Package atveryend Info: Empty hook `AfterLastShipout' on input line 125.
 (./formato2.aux
LaTeX Info: Redefining \. on input line 21.
LaTeX Info: Redefining \% on input line 21.
)
Package atveryend Info: Executing hook `AtVeryEndDocument' on input line 125.
Package atveryend Info: Executing hook `AtEndAfterFileList' on input line 125.
Package rerunfilecheck Info: File `formato2.out' has not changed.
(rerunfilecheck)             Checksum: CCD7CB92D4106BFF7B7E15CAE88BFC03;203.
Package atveryend Info: Empty hook `AtVeryVeryEnd' on input line 125.
 ) 
Here is how much of TeX's memory you used:
 8222 strings out of 495059
 117066 string characters out of 3182030
 226600 words of memory out of 3000000
 11262 multiletter control sequences out of 15000+200000
 9244 words of font info for 34 fonts, out of 3000000 for 9000
 14 hyphenation exceptions out of 8191
 44i,20n,50p,1119b,498s stack positions out of 5000i,500n,10000p,200000b,50000s
</usr/share/texlive/texmf-dist/fonts/type1/public/amsfonts/cm/cmbx12.pfb></us
r/share/texlive/texmf-dist/fonts/type1/public/amsfonts/cm/cmr12.pfb></usr/share
/texlive/texmf-dist/fonts/type1/public/amsfonts/cm/cmr17.pfb></usr/share/texliv
e/texmf-dist/fonts/type1/public/amsfonts/cm/cmti12.pfb></usr/share/texlive/texm
f-dist/fonts/type1/public/amsfonts/cm/cmtt10.pfb></usr/share/texmf/fonts/type1/
public/lm/lmbx10.pfb></usr/share/texmf/fonts/type1/public/lm/lmbx6.pfb></usr/sh
are/texmf/fonts/type1/public/lm/lmbx9.pfb></usr/share/texmf/fonts/type1/public/
lm/lmr10.pfb></usr/share/texmf/fonts/type1/public/lm/lmr12.pfb></usr/share/texm
f/fonts/type1/public/lm/lmr17.pfb></usr/share/texmf/fonts/type1/public/lm/lmr9.
pfb></usr/share/texmf/fonts/type1/public/lm/lmri10.pfb></usr/share/texmf/fonts/
type1/public/lm/lmri9.pfb></usr/share/texmf/fonts/type1/public/lm/lmro10.pfb></
usr/share/texmf/fonts/type1/public/lm/lmro12.pfb></usr/share/texmf/fonts/type1/
public/lm/lmro9.pfb></usr/share/texmf/fonts/type1/public/lm/lmss10.pfb></usr/sh
are/texmf/fonts/type1/public/lm/lmss12.pfb></usr/share/texmf/fonts/type1/public
/lm/lmss17.pfb></usr/share/texmf/fonts/type1/public/lm/lmss9.pfb></usr/share/te
xmf/fonts/type1/public/lm/lmssbx10.pfb></usr/share/texmf/fonts/type1/public/lm/
lmsso10.pfb></usr/share/texmf/fonts/type1/public/lm/lmsso12.pfb></usr/share/tex
mf/fonts/type1/public/lm/lmsso9.pfb></usr/share/texmf/fonts/type1/public/lm/lmt
t10.pfb></usr/share/texlive/texmf-dist/fonts/type1/public/marvosym/marvosym.pfb
>
Output written on formato2.pdf (14 pages, 795091 bytes).
PDF statistics:
 563 PDF objects out of 1000 (max. 8388607)
 317 compressed objects within 4 object streams
 22 named destinations out of 1000 (max. 500000)
 130 words of extra memory for PDF output out of 10000 (max. 10000000)

